Command line:
   tb_Rs232_isim_beh.exe
     -simmode  gui
     -simrunnum  0
     -socket  55735

Sat Dec 12 09:34:29 2020


 Elaboration Time: 0.09375 sec

 Current Memory Usage: 5160.85 Meg

 Total Signals          : 45
 Total Nets             : 98
 Total Signal Drivers   : 29
 Total Blocks           : 7
 Total Primitive Blocks : 5
 Total Processes        : 12
 Total Traceable Variables  : 11
 Total Scalar Nets and Variables : 477
Total Line Count : 96

 Total Simulation Time: 0.203125 sec

 Current Memory Usage: 4688.99 Meg

Sat Dec 12 10:27:01 2020

