Command line:
   tb_Rs232Rxd_isim_beh.exe
     -simmode  gui
     -simrunnum  0
     -socket  51986

Fri Dec 11 16:38:47 2020


 Elaboration Time: 0.046875 sec

 Current Memory Usage: 5161.43 Meg

 Total Signals          : 20
 Total Nets             : 43
 Total Signal Drivers   : 16
 Total Blocks           : 5
 Total Primitive Blocks : 4
 Total Processes        : 8
 Total Traceable Variables  : 11
 Total Scalar Nets and Variables : 422
Total Line Count : 67

 Total Simulation Time: 0.296875 sec

 Current Memory Usage: 4689.57 Meg

Fri Dec 11 17:31:04 2020

