Command line:
   tb_Txd_isim_beh.exe
     -simmode  gui
     -simrunnum  0
     -socket  55135

Fri Dec 11 23:42:53 2020


 Elaboration Time: 0.03125 sec

 Current Memory Usage: 5160.87 Meg

 Total Signals          : 23
 Total Nets             : 58
 Total Signal Drivers   : 16
 Total Blocks           : 5
 Total Primitive Blocks : 4
 Total Processes        : 7
 Total Traceable Variables  : 11
 Total Scalar Nets and Variables : 437
Total Line Count : 50

 Total Simulation Time: 0.078125 sec

 Current Memory Usage: 4689.01 Meg

Sat Dec 12 00:28:34 2020

