Release 14.7 Map P.20131013 (nt64)
Xilinx Mapping Report File for Design 'Rs232Txd'

Design Information
------------------
Command Line   : map -intstyle ise -p xc3s500e-ft256-5 -cm area -ir off -pr off
-c 100 -o Rs232Txd_map.ncd Rs232Txd.ngd Rs232Txd.pcf 
Target Device  : xc3s500e
Target Package : ft256
Target Speed   : -5
Mapper Version : spartan3e -- $Revision: 1.55 $
Mapped Date    : Fri Dec 11 23:23:42 2020

Design Summary
--------------
Number of errors   :   1
Number of warnings :   0

Section 1 - Errors
------------------
ERROR:Security:9c - No 'ISE' nor 'WebPack' feature version 2013.10 was available
for part 'xc3s500e'.
ERROR:Map:258 - A problem was encountered attempting to get the license for this
   architecture. 

Section 2 - Warnings
--------------------

Section 3 - Informational
-------------------------
INFO:Security:54 - 'xc3s500e' is a WebPack part.
INFO:Security:61 - The XILINXD_LICENSE_FILE environment variable is not set.
INFO:Security:63 - The LM_LICENSE_FILE environment variable is not set.
INFO:Security:68 - For more information or for assistance in obtaining 
INFO:Security:68a - user is Wan Heng Woon, on host DESKTOP-HN5SP1L.
