Release 14.7 - xst P.20131013 (nt64)
Copyright (c) 1995-2013 Xilinx, Inc.  All rights reserved.
--> Parameter TMPDIR set to xst/projnav.tmp


Total REAL time to Xst completion: 0.00 secs
Total CPU time to Xst completion: 0.30 secs
 
--> Parameter xsthdpdir set to xst


Total REAL time to Xst completion: 0.00 secs
Total CPU time to Xst completion: 0.30 secs
 
--> Reading design: Rs232Txd.prj

TABLE OF CONTENTS
  1) Synthesis Options Summary
  2) HDL Compilation
  3) Design Hierarchy Analysis
  4) HDL Analysis
  5) HDL Synthesis
     5.1) HDL Synthesis Report
  6) Advanced HDL Synthesis
     6.1) Advanced HDL Synthesis Report
  7) Low Level Synthesis
  8) Partition Report
  9) Final Report
	9.1) Device utilization summary
	9.2) Partition Resource Summary
	9.3) TIMING REPORT


=========================================================================
*                      Synthesis Options Summary                        *
=========================================================================
---- Source Parameters
Input File Name                    : "Rs232Txd.prj"
Input Format                       : mixed
Ignore Synthesis Constraint File   : NO

---- Target Parameters
Output File Name                   : "Rs232Txd"
Output Format                      : NGC
Target Device                      : xc3s500e-5-ft256

---- Source Options
Top Module Name                    : Rs232Txd
Automatic FSM Extraction           : YES
FSM Encoding Algorithm             : Auto
Safe Implementation                : No
FSM Style                          : LUT
RAM Extraction                     : Yes
RAM Style                          : Auto
ROM Extraction                     : Yes
Mux Style                          : Auto
Decoder Extraction                 : YES
Priority Encoder Extraction        : Yes
Shift Register Extraction          : YES
Logical Shifter Extraction         : YES
XOR Collapsing                     : YES
ROM Style                          : Auto
Mux Extraction                     : Yes
Resource Sharing                   : YES
Asynchronous To Synchronous        : NO
Multiplier Style                   : Auto
Automatic Register Balancing       : No

---- Target Options
Add IO Buffers                     : YES
Global Maximum Fanout              : 100000
Add Generic Clock Buffer(BUFG)     : 24
Register Duplication               : YES
Slice Packing                      : YES
Optimize Instantiated Primitives   : NO
Use Clock Enable                   : Yes
Use Synchronous Set                : Yes
Use Synchronous Reset              : Yes
Pack IO Registers into IOBs        : Auto
Equivalent register Removal        : YES

---- General Options
Optimization Goal                  : Speed
Optimization Effort                : 1
Keep Hierarchy                     : No
Netlist Hierarchy                  : As_Optimized
RTL Output                         : Yes
Global Optimization                : AllClockNets
Read Cores                         : YES
Write Timing Constraints           : NO
Cross Clock Analysis               : NO
Hierarchy Separator                : /
Bus Delimiter                      : <>
Case Specifier                     : Maintain
Slice Utilization Ratio            : 100
BRAM Utilization Ratio             : 100
Verilog 2001                       : YES
Auto BRAM Packing                  : NO
Slice Utilization Ratio Delta      : 5

=========================================================================


=========================================================================
*                          HDL Compilation                              *
=========================================================================
Compiling vhdl file "D:/Project/Year 4 Project/HDL/tutorial/Lab-4/Txd/Txd.vhd" in Library work.
Entity <rs232txd> compiled.
Entity <rs232txd> (Architecture <behavioral>) compiled.

=========================================================================
*                     Design Hierarchy Analysis                         *
=========================================================================
Analyzing hierarchy for entity <Rs232Txd> in library <work> (architecture <behavioral>).


=========================================================================
*                            HDL Analysis                               *
=========================================================================
Analyzing Entity <Rs232Txd> in library <work> (Architecture <behavioral>).
    Set property "enum_encoding = 00 01 11" for signal <presState>.
    Set property "enum_encoding = 00 01 11" for signal <nextState>.
Entity <Rs232Txd> analyzed. Unit <Rs232Txd> generated.


=========================================================================
*                           HDL Synthesis                               *
=========================================================================

Performing bidirectional port resolution...

Synthesizing Unit <Rs232Txd>.
    Related source file is "D:/Project/Year 4 Project/HDL/tutorial/Lab-4/Txd/Txd.vhd".
WARNING:Xst:1780 - Signal <iTxdBuffer2> is never used or assigned. This unconnected signal will be trimmed during the optimization process.
WARNING:Xst:1780 - Signal <iTxdBuffer1> is never used or assigned. This unconnected signal will be trimmed during the optimization process.
    Register <iEnableTxdBuffer> equivalent to <iClock1xEnable> has been removed
    Register <iSend> equivalent to <iClock1xEnable> has been removed
    Found finite state machine <FSM_0> for signal <presState>.
    -----------------------------------------------------------------------
    | States             | 3                                              |
    | Transitions        | 4                                              |
    | Inputs             | 1                                              |
    | Outputs            | 1                                              |
    | Clock              | iClock1x                  (rising_edge)        |
    | Clock enable       | presState$not0000         (positive)           |
    | Reset              | iClock1xEnable            (negative)           |
    | Reset type         | asynchronous                                   |
    | Reset State        | stidle                                         |
    | Power Up State     | stidle                                         |
    | Encoding           | automatic                                      |
    | Implementation     | LUT                                            |
    -----------------------------------------------------------------------
    Found 1-bit register for signal <Txd>.
    Found 1-bit register for signal <iClock1xEnable>.
    Found 4-bit up counter for signal <iClockDiv>.
    Found 1-bit register for signal <iEnableShift>.
    Found 4-bit up counter for signal <iNoBitsSent>.
    Found 10-bit register for signal <iTxdBuffer>.
    Summary:
	inferred   1 Finite State Machine(s).
	inferred   2 Counter(s).
	inferred  13 D-type flip-flop(s).
Unit <Rs232Txd> synthesized.


=========================================================================
HDL Synthesis Report

Macro Statistics
# Counters                                             : 2
 4-bit up counter                                      : 2
# Registers                                            : 4
 1-bit register                                        : 3
 10-bit register                                       : 1

=========================================================================

=========================================================================
*                       Advanced HDL Synthesis                          *
=========================================================================

Analyzing FSM <FSM_0> for best encoding.
Optimizing FSM <presState/FSM> on signal <presState[1:2]> with user encoding.
-----------------------------------
 State                 | Encoding
-----------------------------------
 stidle                | 00
 stdata                | 01
 sttxdstopandcompleted | 11
-----------------------------------
WARNING:Xst:1710 - FF/Latch <iTxdBuffer_9> (without init value) has a constant value of 1 in block <Rs232Txd>. This FF/Latch will be trimmed during the optimization process.

=========================================================================
Advanced HDL Synthesis Report

Macro Statistics
# FSMs                                                 : 1
# Counters                                             : 2
 4-bit up counter                                      : 2
# Registers                                            : 13
 Flip-Flops                                            : 13

=========================================================================

=========================================================================
*                         Low Level Synthesis                           *
=========================================================================
WARNING:Xst:1710 - FF/Latch <iTxdBuffer_9> (without init value) has a constant value of 1 in block <Rs232Txd>. This FF/Latch will be trimmed during the optimization process.

Optimizing unit <Rs232Txd> ...

Mapping all equations...
Building and optimizing final netlist ...
Found area constraint ratio of 100 (+ 5) on block Rs232Txd, actual ratio is 0.

Final Macro Processing ...

=========================================================================
Final Register Report

Macro Statistics
# Registers                                            : 22
 Flip-Flops                                            : 22

=========================================================================

=========================================================================
*                           Partition Report                            *
=========================================================================

Partition Implementation Status
-------------------------------

  No Partitions were found in this design.

-------------------------------

=========================================================================
*                            Final Report                               *
=========================================================================
Final Results
RTL Top Level Output File Name     : Rs232Txd.ngr
Top Level Output File Name         : Rs232Txd
Output Format                      : NGC
Optimization Goal                  : Speed
Keep Hierarchy                     : No

Design Statistics
# IOs                              : 12

Cell Usage :
# BELS                             : 26
#      INV                         : 3
#      LUT2                        : 9
#      LUT3                        : 9
#      LUT3_L                      : 1
#      LUT4                        : 3
#      VCC                         : 1
# FlipFlops/Latches                : 22
#      FDCE                        : 7
#      FDPE                        : 10
#      FDRE                        : 5
# Clock Buffers                    : 1
#      BUFGP                       : 1
# IO Buffers                       : 11
#      IBUF                        : 10
#      OBUF                        : 1
=========================================================================

Device utilization summary:
---------------------------

Selected Device : 3s500eft256-5 

 Number of Slices:                       13  out of   4656     0%  
 Number of Slice Flip Flops:             22  out of   9312     0%  
 Number of 4 input LUTs:                 25  out of   9312     0%  
 Number of IOs:                          12
 Number of bonded IOBs:                  12  out of    190     6%  
 Number of GCLKs:                         1  out of     24     4%  

---------------------------
Partition Resource Summary:
---------------------------

  No Partitions were found in this design.

---------------------------


=========================================================================
TIMING REPORT

NOTE: THESE TIMING NUMBERS ARE ONLY A SYNTHESIS ESTIMATE.
      FOR ACCURATE TIMING INFORMATION PLEASE REFER TO THE TRACE REPORT
      GENERATED AFTER PLACE-and-ROUTE.

Clock Information:
------------------
-----------------------------------+------------------------+-------+
Clock Signal                       | Clock buffer(FF name)  | Load  |
-----------------------------------+------------------------+-------+
Clock16x                           | BUFGP                  | 5     |
iClockDiv_3                        | NONE(iEnableShift)     | 17    |
-----------------------------------+------------------------+-------+
INFO:Xst:2169 - HDL ADVISOR - Some clock signals were not automatically buffered by XST with BUFG/BUFR resources. Please use the buffer_type constraint in order to insert these buffers to the clock signals to help prevent skew problems.

Asynchronous Control Signals Information:
----------------------------------------
-----------------------------------------------+------------------------+-------+
Control Signal                                 | Buffer(FF name)        | Load  |
-----------------------------------------------+------------------------+-------+
iClock1xEnable_inv(iClock1xEnable_inv1_INV_0:O)| NONE(Txd)              | 17    |
-----------------------------------------------+------------------------+-------+

Timing Summary:
---------------
Speed Grade: -5

   Minimum period: 3.040ns (Maximum Frequency: 328.980MHz)
   Minimum input arrival time before clock: 3.560ns
   Maximum output required time after clock: 4.040ns
   Maximum combinational path delay: No path found

Timing Detail:
--------------
All values displayed in nanoseconds (ns)

=========================================================================
Timing constraint: Default period analysis for Clock 'Clock16x'
  Clock period: 2.943ns (frequency: 339.812MHz)
  Total number of paths / destination ports: 15 / 9
-------------------------------------------------------------------------
Delay:               2.943ns (Levels of Logic = 1)
  Source:            iClock1xEnable (FF)
  Destination:       iClock1xEnable (FF)
  Source Clock:      Clock16x rising
  Destination Clock: Clock16x rising

  Data Path: iClock1xEnable to iClock1xEnable
                                Gate     Net
    Cell:in->out      fanout   Delay   Delay  Logical Name (Net Name)
    ----------------------------------------  ------------
     FDRE:C->Q            18   0.514   0.977  iClock1xEnable (iClock1xEnable)
     LUT2:I1->O            1   0.612   0.357  iClock1xEnable_not00011 (iClock1xEnable_not0001)
     FDRE:CE                   0.483          iClock1xEnable
    ----------------------------------------
    Total                      2.943ns (1.609ns logic, 1.334ns route)
                                       (54.7% logic, 45.3% route)

=========================================================================
Timing constraint: Default period analysis for Clock 'iClockDiv_3'
  Clock period: 3.040ns (frequency: 328.980MHz)
  Total number of paths / destination ports: 43 / 23
-------------------------------------------------------------------------
Delay:               3.040ns (Levels of Logic = 1)
  Source:            iEnableShift (FF)
  Destination:       presState_FSM_FFd1 (FF)
  Source Clock:      iClockDiv_3 rising
  Destination Clock: iClockDiv_3 rising

  Data Path: iEnableShift to presState_FSM_FFd1
                                Gate     Net
    Cell:in->out      fanout   Delay   Delay  Logical Name (Net Name)
    ----------------------------------------  ------------
     FDCE:C->Q            11   0.514   0.862  iEnableShift (iEnableShift)
     LUT2:I1->O            6   0.612   0.569  presState_not00011 (presState_not0001)
     FDCE:CE                   0.483          presState_FSM_FFd1
    ----------------------------------------
    Total                      3.040ns (1.609ns logic, 1.431ns route)
                                       (52.9% logic, 47.1% route)

=========================================================================
Timing constraint: Default OFFSET IN BEFORE for Clock 'Clock16x'
  Total number of paths / destination ports: 6 / 6
-------------------------------------------------------------------------
Offset:              3.560ns (Levels of Logic = 2)
  Source:            Reset (PAD)
  Destination:       iClock1xEnable (FF)
  Destination Clock: Clock16x rising

  Data Path: Reset to iClock1xEnable
                                Gate     Net
    Cell:in->out      fanout   Delay   Delay  Logical Name (Net Name)
    ----------------------------------------  ------------
     IBUF:I->O             1   1.106   0.509  Reset_IBUF (Reset_IBUF)
     LUT2:I0->O            5   0.612   0.538  iClockDiv_or00001 (iClockDiv_or0000)
     FDRE:R                    0.795          iClock1xEnable
    ----------------------------------------
    Total                      3.560ns (2.513ns logic, 1.047ns route)
                                       (70.6% logic, 29.4% route)

=========================================================================
Timing constraint: Default OFFSET IN BEFORE for Clock 'iClockDiv_3'
  Total number of paths / destination ports: 8 / 8
-------------------------------------------------------------------------
Offset:              2.412ns (Levels of Logic = 2)
  Source:            DataIn<0> (PAD)
  Destination:       iTxdBuffer_1 (FF)
  Destination Clock: iClockDiv_3 rising

  Data Path: DataIn<0> to iTxdBuffer_1
                                Gate     Net
    Cell:in->out      fanout   Delay   Delay  Logical Name (Net Name)
    ----------------------------------------  ------------
     IBUF:I->O             1   1.106   0.426  DataIn_0_IBUF (DataIn_0_IBUF)
     LUT3:I1->O            1   0.612   0.000  iTxdBuffer_mux0001<1>1 (iTxdBuffer_mux0001<1>)
     FDPE:D                    0.268          iTxdBuffer_1
    ----------------------------------------
    Total                      2.412ns (1.986ns logic, 0.426ns route)
                                       (82.3% logic, 17.7% route)

=========================================================================
Timing constraint: Default OFFSET OUT AFTER for Clock 'iClockDiv_3'
  Total number of paths / destination ports: 1 / 1
-------------------------------------------------------------------------
Offset:              4.040ns (Levels of Logic = 1)
  Source:            Txd (FF)
  Destination:       Txd (PAD)
  Source Clock:      iClockDiv_3 rising

  Data Path: Txd to Txd
                                Gate     Net
    Cell:in->out      fanout   Delay   Delay  Logical Name (Net Name)
    ----------------------------------------  ------------
     FDPE:C->Q             1   0.514   0.357  Txd (Txd_OBUF)
     OBUF:I->O                 3.169          Txd_OBUF (Txd)
    ----------------------------------------
    Total                      4.040ns (3.683ns logic, 0.357ns route)
                                       (91.2% logic, 8.8% route)

=========================================================================


Total REAL time to Xst completion: 5.00 secs
Total CPU time to Xst completion: 5.40 secs
 
--> 

Total memory usage is 4523148 kilobytes

Number of errors   :    0 (   0 filtered)
Number of warnings :    4 (   0 filtered)
Number of infos    :    1 (   0 filtered)

