Release 14.7 - xst P.20131013 (nt64)
Copyright (c) 1995-2013 Xilinx, Inc.  All rights reserved.
--> Parameter TMPDIR set to xst/projnav.tmp


Total REAL time to Xst completion: 0.00 secs
Total CPU time to Xst completion: 0.39 secs
 
--> Parameter xsthdpdir set to xst


Total REAL time to Xst completion: 0.00 secs
Total CPU time to Xst completion: 0.39 secs
 
--> Reading design: Txd.prj

TABLE OF CONTENTS
  1) Synthesis Options Summary
  2) HDL Compilation
  3) Design Hierarchy Analysis
  4) HDL Analysis
  5) HDL Synthesis
     5.1) HDL Synthesis Report
  6) Advanced HDL Synthesis
     6.1) Advanced HDL Synthesis Report
  7) Low Level Synthesis
  8) Partition Report
  9) Final Report
	9.1) Device utilization summary
	9.2) Partition Resource Summary
	9.3) TIMING REPORT


=========================================================================
*                      Synthesis Options Summary                        *
=========================================================================
---- Source Parameters
Input File Name                    : "Txd.prj"
Input Format                       : mixed
Ignore Synthesis Constraint File   : NO

---- Target Parameters
Output File Name                   : "Txd"
Output Format                      : NGC
Target Device                      : xc3s500e-5-ft256

---- Source Options
Top Module Name                    : Txd
Automatic FSM Extraction           : YES
FSM Encoding Algorithm             : Auto
Safe Implementation                : No
FSM Style                          : LUT
RAM Extraction                     : Yes
RAM Style                          : Auto
ROM Extraction                     : Yes
Mux Style                          : Auto
Decoder Extraction                 : YES
Priority Encoder Extraction        : Yes
Shift Register Extraction          : YES
Logical Shifter Extraction         : YES
XOR Collapsing                     : YES
ROM Style                          : Auto
Mux Extraction                     : Yes
Resource Sharing                   : YES
Asynchronous To Synchronous        : NO
Multiplier Style                   : Auto
Automatic Register Balancing       : No

---- Target Options
Add IO Buffers                     : YES
Global Maximum Fanout              : 100000
Add Generic Clock Buffer(BUFG)     : 24
Register Duplication               : YES
Slice Packing                      : YES
Optimize Instantiated Primitives   : NO
Use Clock Enable                   : Yes
Use Synchronous Set                : Yes
Use Synchronous Reset              : Yes
Pack IO Registers into IOBs        : Auto
Equivalent register Removal        : YES

---- General Options
Optimization Goal                  : Speed
Optimization Effort                : 1
Keep Hierarchy                     : No
Netlist Hierarchy                  : As_Optimized
RTL Output                         : Yes
Global Optimization                : AllClockNets
Read Cores                         : YES
Write Timing Constraints           : NO
Cross Clock Analysis               : NO
Hierarchy Separator                : /
Bus Delimiter                      : <>
Case Specifier                     : Maintain
Slice Utilization Ratio            : 100
BRAM Utilization Ratio             : 100
Verilog 2001                       : YES
Auto BRAM Packing                  : NO
Slice Utilization Ratio Delta      : 5

=========================================================================


=========================================================================
*                          HDL Compilation                              *
=========================================================================
Compiling vhdl file "D:/Project/Year 4 Project/HDL/tutorial/Lab-4/Txd/Txd.vhd" in Library work.
Entity <txd> compiled.
Entity <txd> (Architecture <behavioral>) compiled.

=========================================================================
*                     Design Hierarchy Analysis                         *
=========================================================================
Analyzing hierarchy for entity <Txd> in library <work> (architecture <behavioral>).


=========================================================================
*                            HDL Analysis                               *
=========================================================================
Analyzing Entity <Txd> in library <work> (Architecture <behavioral>).
    Set property "enum_encoding = 00 01 11 10" for signal <presState>.
    Set property "enum_encoding = 00 01 11 10" for signal <nextState>.
INFO:Xst:2679 - Register <iEnableTxdBuffer> in unit <Txd> has a constant value of 1 during circuit operation. The register is replaced by logic.
Entity <Txd> analyzed. Unit <Txd> generated.


=========================================================================
*                           HDL Synthesis                               *
=========================================================================

Performing bidirectional port resolution...

Synthesizing Unit <Txd>.
    Related source file is "D:/Project/Year 4 Project/HDL/tutorial/Lab-4/Txd/Txd.vhd".
    Found finite state machine <FSM_0> for signal <presState>.
    -----------------------------------------------------------------------
    | States             | 4                                              |
    | Transitions        | 5                                              |
    | Inputs             | 1                                              |
    | Outputs            | 1                                              |
    | Clock              | iClock1x                  (rising_edge)        |
    | Reset              | iClock1xEnable            (negative)           |
    | Reset type         | asynchronous                                   |
    | Reset State        | stidle                                         |
    | Power Up State     | stidle                                         |
    | Encoding           | automatic                                      |
    | Implementation     | LUT                                            |
    -----------------------------------------------------------------------
    Found 1-bit register for signal <Txd>.
    Found 1-bit register for signal <iClock1xEnable>.
    Found 4-bit up counter for signal <iClockDiv>.
    Found 1-bit register for signal <iEnableShift>.
    Found 4-bit up counter for signal <iNoBitsSent>.
    Found 10-bit register for signal <iTxdBuffer1>.
    Found 10-bit register for signal <iTxdBuffer2>.
    Summary:
	inferred   1 Finite State Machine(s).
	inferred   2 Counter(s).
	inferred  23 D-type flip-flop(s).
Unit <Txd> synthesized.


=========================================================================
HDL Synthesis Report

Macro Statistics
# Counters                                             : 2
 4-bit up counter                                      : 2
# Registers                                            : 5
 1-bit register                                        : 3
 10-bit register                                       : 2

=========================================================================

=========================================================================
*                       Advanced HDL Synthesis                          *
=========================================================================

Analyzing FSM <FSM_0> for best encoding.
Optimizing FSM <presState/FSM> on signal <presState[1:2]> with gray encoding.
----------------------------
 State          | Encoding
----------------------------
 stidle         | 00
 stdata         | 01
 ststop         | 10
 sttxdcompleted | 11
----------------------------
WARNING:Xst:1710 - FF/Latch <iTxdBuffer1_0> (without init value) has a constant value of 0 in block <Txd>. This FF/Latch will be trimmed during the optimization process.
WARNING:Xst:1895 - Due to other FF/Latch trimming, FF/Latch <iTxdBuffer1_9> (without init value) has a constant value of 1 in block <Txd>. This FF/Latch will be trimmed during the optimization process.
WARNING:Xst:1710 - FF/Latch <iTxdBuffer2_9> (without init value) has a constant value of 1 in block <Txd>. This FF/Latch will be trimmed during the optimization process.

=========================================================================
Advanced HDL Synthesis Report

Macro Statistics
# FSMs                                                 : 1
# Counters                                             : 2
 4-bit up counter                                      : 2
# Registers                                            : 23
 Flip-Flops                                            : 23

=========================================================================

=========================================================================
*                         Low Level Synthesis                           *
=========================================================================
WARNING:Xst:1710 - FF/Latch <iTxdBuffer1_0> (without init value) has a constant value of 0 in block <Txd>. This FF/Latch will be trimmed during the optimization process.
WARNING:Xst:1895 - Due to other FF/Latch trimming, FF/Latch <iTxdBuffer1_9> (without init value) has a constant value of 1 in block <Txd>. This FF/Latch will be trimmed during the optimization process.
WARNING:Xst:1710 - FF/Latch <iTxdBuffer2_9> (without init value) has a constant value of 1 in block <Txd>. This FF/Latch will be trimmed during the optimization process.

Optimizing unit <Txd> ...

Mapping all equations...
Building and optimizing final netlist ...
Found area constraint ratio of 100 (+ 5) on block Txd, actual ratio is 0.

Final Macro Processing ...

=========================================================================
Final Register Report

Macro Statistics
# Registers                                            : 30
 Flip-Flops                                            : 30

=========================================================================

=========================================================================
*                           Partition Report                            *
=========================================================================

Partition Implementation Status
-------------------------------

  No Partitions were found in this design.

-------------------------------

=========================================================================
*                            Final Report                               *
=========================================================================
Final Results
RTL Top Level Output File Name     : Txd.ngr
Top Level Output File Name         : Txd
Output Format                      : NGC
Optimization Goal                  : Speed
Keep Hierarchy                     : No

Design Statistics
# IOs                              : 12

Cell Usage :
# BELS                             : 27
#      INV                         : 5
#      LUT2                        : 6
#      LUT3                        : 9
#      LUT3_L                      : 1
#      LUT4                        : 5
#      VCC                         : 1
# FlipFlops/Latches                : 30
#      FDC                         : 6
#      FDCE                        : 1
#      FDE                         : 19
#      FDRE                        : 4
# Clock Buffers                    : 1
#      BUFGP                       : 1
# IO Buffers                       : 11
#      IBUF                        : 10
#      OBUF                        : 1
=========================================================================

Device utilization summary:
---------------------------

Selected Device : 3s500eft256-5 

 Number of Slices:                       18  out of   4656     0%  
 Number of Slice Flip Flops:             30  out of   9312     0%  
 Number of 4 input LUTs:                 26  out of   9312     0%  
 Number of IOs:                          12
 Number of bonded IOBs:                  12  out of    190     6%  
 Number of GCLKs:                         1  out of     24     4%  

---------------------------
Partition Resource Summary:
---------------------------

  No Partitions were found in this design.

---------------------------


=========================================================================
TIMING REPORT

NOTE: THESE TIMING NUMBERS ARE ONLY A SYNTHESIS ESTIMATE.
      FOR ACCURATE TIMING INFORMATION PLEASE REFER TO THE TRACE REPORT
      GENERATED AFTER PLACE-and-ROUTE.

Clock Information:
------------------
-----------------------------------+------------------------+-------+
Clock Signal                       | Clock buffer(FF name)  | Load  |
-----------------------------------+------------------------+-------+
Clock16x                           | BUFGP                  | 13    |
iClockDiv_3                        | NONE(iTxdBuffer2_0)    | 17    |
-----------------------------------+------------------------+-------+
INFO:Xst:2169 - HDL ADVISOR - Some clock signals were not automatically buffered by XST with BUFG/BUFR resources. Please use the buffer_type constraint in order to insert these buffers to the clock signals to help prevent skew problems.

Asynchronous Control Signals Information:
----------------------------------------
-----------------------------------------------+------------------------+-------+
Control Signal                                 | Buffer(FF name)        | Load  |
-----------------------------------------------+------------------------+-------+
iClock1xEnable_inv(iClock1xEnable_inv1_INV_0:O)| NONE(iEnableShift)     | 7     |
-----------------------------------------------+------------------------+-------+

Timing Summary:
---------------
Speed Grade: -5

   Minimum period: 3.331ns (Maximum Frequency: 300.233MHz)
   Minimum input arrival time before clock: 3.430ns
   Maximum output required time after clock: 4.040ns
   Maximum combinational path delay: No path found

Timing Detail:
--------------
All values displayed in nanoseconds (ns)

=========================================================================
Timing constraint: Default period analysis for Clock 'Clock16x'
  Clock period: 3.331ns (frequency: 300.233MHz)
  Total number of paths / destination ports: 28 / 22
-------------------------------------------------------------------------
Delay:               3.331ns (Levels of Logic = 1)
  Source:            iClock1xEnable (FF)
  Destination:       iClockDiv_0 (FF)
  Source Clock:      Clock16x rising
  Destination Clock: Clock16x rising

  Data Path: iClock1xEnable to iClockDiv_0
                                Gate     Net
    Cell:in->out      fanout   Delay   Delay  Logical Name (Net Name)
    ----------------------------------------  ------------
     FDE:C->Q             18   0.514   0.911  iClock1xEnable (iClock1xEnable)
     LUT4:I3->O            4   0.612   0.499  iClockDiv_and00001 (iClockDiv_and0000)
     FDRE:R                    0.795          iClockDiv_0
    ----------------------------------------
    Total                      3.331ns (1.921ns logic, 1.410ns route)
                                       (57.7% logic, 42.3% route)

=========================================================================
Timing constraint: Default period analysis for Clock 'iClockDiv_3'
  Clock period: 2.716ns (frequency: 368.229MHz)
  Total number of paths / destination ports: 36 / 17
-------------------------------------------------------------------------
Delay:               2.716ns (Levels of Logic = 1)
  Source:            iEnableShift (FF)
  Destination:       iEnableShift (FF)
  Source Clock:      iClockDiv_3 rising
  Destination Clock: iClockDiv_3 rising

  Data Path: iEnableShift to iEnableShift
                                Gate     Net
    Cell:in->out      fanout   Delay   Delay  Logical Name (Net Name)
    ----------------------------------------  ------------
     FDCE:C->Q            10   0.514   0.750  iEnableShift (iEnableShift)
     INV:I->O              1   0.612   0.357  iEnableShift_inv1_INV_0 (iEnableShift_inv)
     FDCE:CE                   0.483          iEnableShift
    ----------------------------------------
    Total                      2.716ns (1.609ns logic, 1.107ns route)
                                       (59.2% logic, 40.8% route)

=========================================================================
Timing constraint: Default OFFSET IN BEFORE for Clock 'Clock16x'
  Total number of paths / destination ports: 23 / 22
-------------------------------------------------------------------------
Offset:              3.430ns (Levels of Logic = 2)
  Source:            Send (PAD)
  Destination:       iTxdBuffer1_1 (FF)
  Destination Clock: Clock16x rising

  Data Path: Send to iTxdBuffer1_1
                                Gate     Net
    Cell:in->out      fanout   Delay   Delay  Logical Name (Net Name)
    ----------------------------------------  ------------
     IBUF:I->O             2   1.106   0.532  Send_IBUF (Send_IBUF)
     LUT2:I0->O            9   0.612   0.697  iClock1xEnable_mux00001 (iClock1xEnable_mux0000)
     FDE:CE                    0.483          iTxdBuffer1_1
    ----------------------------------------
    Total                      3.430ns (2.201ns logic, 1.229ns route)
                                       (64.2% logic, 35.8% route)

=========================================================================
Timing constraint: Default OFFSET OUT AFTER for Clock 'iClockDiv_3'
  Total number of paths / destination ports: 1 / 1
-------------------------------------------------------------------------
Offset:              4.040ns (Levels of Logic = 1)
  Source:            Txd (FF)
  Destination:       Txd (PAD)
  Source Clock:      iClockDiv_3 rising

  Data Path: Txd to Txd
                                Gate     Net
    Cell:in->out      fanout   Delay   Delay  Logical Name (Net Name)
    ----------------------------------------  ------------
     FDE:C->Q              1   0.514   0.357  Txd (Txd_OBUF)
     OBUF:I->O                 3.169          Txd_OBUF (Txd)
    ----------------------------------------
    Total                      4.040ns (3.683ns logic, 0.357ns route)
                                       (91.2% logic, 8.8% route)

=========================================================================


Total REAL time to Xst completion: 7.00 secs
Total CPU time to Xst completion: 7.41 secs
 
--> 

Total memory usage is 4522592 kilobytes

Number of errors   :    0 (   0 filtered)
Number of warnings :    6 (   0 filtered)
Number of infos    :    2 (   0 filtered)

